<?xml version="1.0" encoding="UTF-8"?>
<testsuite xmlns:xsi="http://www.w3.org/2001/XMLSchema-instance" xsi:noNamespaceSchemaLocation="https://maven.apache.org/surefire/maven-surefire-plugin/xsd/surefire-test-report.xsd" name="hello.storage.FileSystemStorageServiceTests" time="0.006" tests="4" errors="0" skipped="0" failures="0">
  <properties>
[...]
</properties>
  <testcase name="savePermitted" classname="hello.storage.FileSystemStorageServiceTests" time="0"/>
  <testcase name="loadNonExistent" classname="hello.storage.FileSystemStorageServiceTests" time="0.005"/>
  <testcase name="saveNotPermitted" classname="hello.storage.FileSystemStorageServiceTests" time="0"/>
  <testcase name="saveAndLoad" classname="hello.storage.FileSystemStorageServiceTests" time="0"/>
</testsuite>